Detecting C compiler ABI info failed to compile with the following output:
Change Dir: /home/a/test/eosio.contracts/build/contracts/CMakeFiles/CMakeTmp

Run Build Command:"/usr/bin/make" "cmTC_a59d9/fast"
make[3]: Entering directory '/home/a/test/eosio.contracts/build/contracts/CMakeFiles/CMakeTmp'
/usr/bin/make -f CMakeFiles/cmTC_a59d9.dir/build.make CMakeFiles/cmTC_a59d9.dir/build
make[4]: Entering directory '/home/a/test/eosio.contracts/build/contracts/CMakeFiles/CMakeTmp'
Building C object CMakeFiles/cmTC_a59d9.dir/CMakeCCompilerABI.c.obj
/usr/local/eosio.cdt/bin/eosio-cc   -O3     -o CMakeFiles/cmTC_a59d9.dir/CMakeCCompilerABI.c.obj   -c /home/a/share/cmake-3.13/Modules/CMakeCCompilerABI.c
Linking C executable cmTC_a59d9.wasm
/home/a/bin/cmake -E cmake_link_script CMakeFiles/cmTC_a59d9.dir/link.txt --verbose=1
/usr/local/eosio.cdt/bin/eosio-ld  -v CMakeFiles/cmTC_a59d9.dir/CMakeCCompilerABI.c.obj -o cmTC_a59d9.wasm 
eosio-ld: Unknown command line argument '-v'.  Try: '/usr/local/eosio.cdt/bin/eosio-ld -help'
eosio-ld: Did you mean '-l'?
CMakeFiles/cmTC_a59d9.dir/build.make:86: recipe for target 'cmTC_a59d9.wasm' failed
make[4]: *** [cmTC_a59d9.wasm] Error 1
make[4]: Leaving directory '/home/a/test/eosio.contracts/build/contracts/CMakeFiles/CMakeTmp'
Makefile:121: recipe for target 'cmTC_a59d9/fast' failed
make[3]: *** [cmTC_a59d9/fast] Error 2
make[3]: Leaving directory '/home/a/test/eosio.contracts/build/contracts/CMakeFiles/CMakeTmp'



Detecting C [-std=c11] compiler features failed to compile with the following output:
Change Dir: /home/a/test/eosio.contracts/build/contracts/CMakeFiles/CMakeTmp

Run Build Command:"/usr/bin/make" "cmTC_c2641/fast"
make[3]: Entering directory '/home/a/test/eosio.contracts/build/contracts/CMakeFiles/CMakeTmp'
/usr/bin/make -f CMakeFiles/cmTC_c2641.dir/build.make CMakeFiles/cmTC_c2641.dir/build
make[4]: Entering directory '/home/a/test/eosio.contracts/build/contracts/CMakeFiles/CMakeTmp'
Building C object CMakeFiles/cmTC_c2641.dir/feature_tests.c.obj
/usr/local/eosio.cdt/bin/eosio-cc   -O3     -std=c11 -o CMakeFiles/cmTC_c2641.dir/feature_tests.c.obj   -c /home/a/test/eosio.contracts/build/contracts/CMakeFiles/feature_tests.c
eosio-cc: Unknown command line argument '-std=c11'.  Try: '/usr/local/eosio.cdt/bin/eosio-cc -help'
eosio-cc: Did you mean '-dD=c11'?
CMakeFiles/cmTC_c2641.dir/build.make:65: recipe for target 'CMakeFiles/cmTC_c2641.dir/feature_tests.c.obj' failed
make[4]: *** [CMakeFiles/cmTC_c2641.dir/feature_tests.c.obj] Error 1
make[4]: Leaving directory '/home/a/test/eosio.contracts/build/contracts/CMakeFiles/CMakeTmp'
Makefile:121: recipe for target 'cmTC_c2641/fast' failed
make[3]: *** [cmTC_c2641/fast] Error 2
make[3]: Leaving directory '/home/a/test/eosio.contracts/build/contracts/CMakeFiles/CMakeTmp'



Detecting CXX compiler ABI info failed to compile with the following output:
Change Dir: /home/a/test/eosio.contracts/build/contracts/CMakeFiles/CMakeTmp

Run Build Command:"/usr/bin/make" "cmTC_a8fd2/fast"
make[3]: Entering directory '/home/a/test/eosio.contracts/build/contracts/CMakeFiles/CMakeTmp'
/usr/bin/make -f CMakeFiles/cmTC_a8fd2.dir/build.make CMakeFiles/cmTC_a8fd2.dir/build
make[4]: Entering directory '/home/a/test/eosio.contracts/build/contracts/CMakeFiles/CMakeTmp'
Building CXX object CMakeFiles/cmTC_a8fd2.dir/CMakeCXXCompilerABI.cpp.obj
/usr/local/eosio.cdt/bin/dimension-cpp    -O3     -o CMakeFiles/cmTC_a8fd2.dir/CMakeCXXCompilerABI.cpp.obj -c /home/a/share/cmake-3.13/Modules/CMakeCXXCompilerABI.cpp
Linking CXX executable cmTC_a8fd2.wasm
/home/a/bin/cmake -E cmake_link_script CMakeFiles/cmTC_a8fd2.dir/link.txt --verbose=1
/usr/local/eosio.cdt/bin/eosio-ld  -v CMakeFiles/cmTC_a8fd2.dir/CMakeCXXCompilerABI.cpp.obj -o cmTC_a8fd2.wasm 
eosio-ld: Unknown command line argument '-v'.  Try: '/usr/local/eosio.cdt/bin/eosio-ld -help'
eosio-ld: Did you mean '-l'?
CMakeFiles/cmTC_a8fd2.dir/build.make:86: recipe for target 'cmTC_a8fd2.wasm' failed
make[4]: *** [cmTC_a8fd2.wasm] Error 1
make[4]: Leaving directory '/home/a/test/eosio.contracts/build/contracts/CMakeFiles/CMakeTmp'
Makefile:121: recipe for target 'cmTC_a8fd2/fast' failed
make[3]: *** [cmTC_a8fd2/fast] Error 2
make[3]: Leaving directory '/home/a/test/eosio.contracts/build/contracts/CMakeFiles/CMakeTmp'



Detecting CXX [-std=c++2a] compiler features failed to compile with the following output:
Change Dir: /home/a/test/eosio.contracts/build/contracts/CMakeFiles/CMakeTmp

Run Build Command:"/usr/bin/make" "cmTC_e6ec9/fast"
make[3]: Entering directory '/home/a/test/eosio.contracts/build/contracts/CMakeFiles/CMakeTmp'
/usr/bin/make -f CMakeFiles/cmTC_e6ec9.dir/build.make CMakeFiles/cmTC_e6ec9.dir/build
make[4]: Entering directory '/home/a/test/eosio.contracts/build/contracts/CMakeFiles/CMakeTmp'
Building CXX object CMakeFiles/cmTC_e6ec9.dir/feature_tests.cxx.obj
/usr/local/eosio.cdt/bin/dimension-cpp    -O3     -std=c++2a -o CMakeFiles/cmTC_e6ec9.dir/feature_tests.cxx.obj -c /home/a/test/eosio.contracts/build/contracts/CMakeFiles/feature_tests.cxx
Linking CXX executable cmTC_e6ec9.wasm
/home/a/bin/cmake -E cmake_link_script CMakeFiles/cmTC_e6ec9.dir/link.txt --verbose=1
/usr/local/eosio.cdt/bin/eosio-ld   CMakeFiles/cmTC_e6ec9.dir/feature_tests.cxx.obj -o cmTC_e6ec9.wasm 
/usr/local/eosio.cdt/bin/wasm-ld: error: undefined symbol: apply
CMakeFiles/cmTC_e6ec9.dir/build.make:86: recipe for target 'cmTC_e6ec9.wasm' failed
make[4]: *** [cmTC_e6ec9.wasm] Error 255
make[4]: Leaving directory '/home/a/test/eosio.contracts/build/contracts/CMakeFiles/CMakeTmp'
Makefile:121: recipe for target 'cmTC_e6ec9/fast' failed
make[3]: *** [cmTC_e6ec9/fast] Error 2
make[3]: Leaving directory '/home/a/test/eosio.contracts/build/contracts/CMakeFiles/CMakeTmp'



